[2021-02-20 11:05:06.183] [renderer1] [error] [File Watcher (node.js)] Error: ENOENT: no such file or directory, stat '/home/dominik/.config/.vscode'
[2021-02-20 11:15:15.252] [renderer1] [error] Can't run recursive splices.: Error: Can't run recursive splices.
    at o.splice (file:///usr/lib/code/out/vs/workbench/workbench.desktop.main.js:124:11096)
    at file:///usr/lib/code/out/vs/workbench/workbench.desktop.main.js:3:139342
    at Array.forEach (<anonymous>)
    at t.splice (file:///usr/lib/code/out/vs/workbench/workbench.desktop.main.js:3:139329)
    at file:///usr/lib/code/out/vs/workbench/workbench.desktop.main.js:138:7711
    at d.bufferEvents (file:///usr/lib/code/out/vs/workbench/workbench.desktop.main.js:55:4384)
    at L.splice (file:///usr/lib/code/out/vs/workbench/workbench.desktop.main.js:138:7678)
    at L.splice (file:///usr/lib/code/out/vs/workbench/workbench.desktop.main.js:162:44086)
    at Object.splice (file:///usr/lib/code/out/vs/workbench/workbench.desktop.main.js:56:63632)
    at C.refilter (file:///usr/lib/code/out/vs/workbench/workbench.desktop.main.js:56:49818)
    at D.refilter (file:///usr/lib/code/out/vs/workbench/workbench.desktop.main.js:56:57484)
    at u.refilter (file:///usr/lib/code/out/vs/workbench/workbench.desktop.main.js:56:62728)
    at h.refilter (file:///usr/lib/code/out/vs/workbench/workbench.desktop.main.js:56:65892)
    at C.refilter (file:///usr/lib/code/out/vs/workbench/workbench.desktop.main.js:163:873)
    at I.updateOptions (file:///usr/lib/code/out/vs/workbench/workbench.desktop.main.js:162:36192)
    at C.updateOptions (file:///usr/lib/code/out/vs/workbench/workbench.desktop.main.js:162:48603)
    at C.updateOptions (file:///usr/lib/code/out/vs/workbench/workbench.desktop.main.js:163:8490)
    at G.updateOptions (file:///usr/lib/code/out/vs/workbench/workbench.desktop.main.js:163:26799)
    at qr.setEditable (file:///usr/lib/code/out/vs/workbench/workbench.desktop.main.js:2546:19859)
    at Lo.setEditable (file:///usr/lib/code/out/vs/workbench/workbench.desktop.main.js:1884:17572)
    at Object.onFinish (file:///usr/lib/code/out/vs/workbench/workbench.desktop.main.js:2545:12001)
    at Object.<anonymous> (file:///usr/lib/code/out/vs/workbench/workbench.desktop.main.js:2545:45454)
    at file:///usr/lib/code/out/vs/workbench/workbench.desktop.main.js:6:6231
    at HTMLInputElement.<anonymous> (file:///usr/lib/code/out/vs/workbench/workbench.desktop.main.js:2545:46049)
    at h.focus (file:///usr/lib/code/out/vs/workbench/workbench.desktop.main.js:163:68856)
    at Ea.renderInputBox (file:///usr/lib/code/out/vs/workbench/workbench.desktop.main.js:2545:45269)
    at Ea.renderElement (file:///usr/lib/code/out/vs/workbench/workbench.desktop.main.js:2545:42788)
    at E.renderElement (file:///usr/lib/code/out/vs/workbench/workbench.desktop.main.js:163:25063)
    at y.renderElement (file:///usr/lib/code/out/vs/workbench/workbench.desktop.main.js:163:7194)
    at w.renderElement (file:///usr/lib/code/out/vs/workbench/workbench.desktop.main.js:162:30212)
    at z.renderElement (file:///usr/lib/code/out/vs/workbench/workbench.desktop.main.js:138:1588)
    at o.insertItemInDOM (file:///usr/lib/code/out/vs/workbench/workbench.desktop.main.js:124:17138)
    at o._splice (file:///usr/lib/code/out/vs/workbench/workbench.desktop.main.js:124:12953)
    at o.splice (file:///usr/lib/code/out/vs/workbench/workbench.desktop.main.js:124:11171)
    at file:///usr/lib/code/out/vs/workbench/workbench.desktop.main.js:3:139342
    at Array.forEach (<anonymous>)
    at t.splice (file:///usr/lib/code/out/vs/workbench/workbench.desktop.main.js:3:139329)
    at file:///usr/lib/code/out/vs/workbench/workbench.desktop.main.js:138:7711
    at d.bufferEvents (file:///usr/lib/code/out/vs/workbench/workbench.desktop.main.js:55:4384)
    at L.splice (file:///usr/lib/code/out/vs/workbench/workbench.desktop.main.js:138:7678)
    at L.splice (file:///usr/lib/code/out/vs/workbench/workbench.desktop.main.js:162:44086)
    at Object.splice (file:///usr/lib/code/out/vs/workbench/workbench.desktop.main.js:56:63632)
    at C.spliceSimple (file:///usr/lib/code/out/vs/workbench/workbench.desktop.main.js:56:47189)
    at C.splice (file:///usr/lib/code/out/vs/workbench/workbench.desktop.main.js:56:45418)
    at D._setChildren (file:///usr/lib/code/out/vs/workbench/workbench.desktop.main.js:56:55297)
    at D.setChildren (file:///usr/lib/code/out/vs/workbench/workbench.desktop.main.js:56:54635)
    at u._setChildren (file:///usr/lib/code/out/vs/workbench/workbench.desktop.main.js:56:61195)
    at u.setChildren (file:///usr/lib/code/out/vs/workbench/workbench.desktop.main.js:56:60640)
    at h.setChildren (file:///usr/lib/code/out/vs/workbench/workbench.desktop.main.js:56:64767)
    at C.setChildren (file:///usr/lib/code/out/vs/workbench/workbench.desktop.main.js:163:8378)
    at G.render (file:///usr/lib/code/out/vs/workbench/workbench.desktop.main.js:163:23111)
    at G.render (file:///usr/lib/code/out/vs/workbench/workbench.desktop.main.js:163:27675)
    at G.refreshAndRenderNode (file:///usr/lib/code/out/vs/workbench/workbench.desktop.main.js:163:19816)
    at async G._updateChildren (file:///usr/lib/code/out/vs/workbench/workbench.desktop.main.js:163:17022)
    at async G.updateChildren (file:///usr/lib/code/out/vs/workbench/workbench.desktop.main.js:163:16688)
    at async qr.setEditable (file:///usr/lib/code/out/vs/workbench/workbench.desktop.main.js:2546:20003)
    at async Lo.setEditable (file:///usr/lib/code/out/vs/workbench/workbench.desktop.main.js:1884:17556)
    at async ye (file:///usr/lib/code/out/vs/workbench/workbench.desktop.main.js:2545:11892)
    at async handler (file:///usr/lib/code/out/vs/workbench/workbench.desktop.main.js:2545:12116)
